char:7, ch:/, st:788
char:5, ch:*, st:54
char:5, ch:*, st:555
char:0, ch:/, st:270
char:8, ch:&, st:893
char:9, ch:*, st:963
char:0, ch:$, st:860
char:3, ch:-, st:53
char:5, ch:+, st:52
char:7, ch:+, st:347
char:8, ch:*, st:428
char:5, ch:*, st:522
char:4, ch:&, st:41
char:1, ch:+, st:481
char:4, ch:*, st:462
char:1, ch:*, st:187
char:6, ch:*, st:678
char:4, ch:*, st:420
char:1, ch:&, st:115
char:7, ch:*, st:707
char:5, ch:*, st:562
char:8, ch:*, st:438
char:8, ch:&, st:877
char:1, ch:*, st:199
char:4, ch:+, st:145
char:7, ch:$, st:71
char:6, ch:+, st:356
char:9, ch:*, st:977
char:6, ch:*, st:68
char:3, ch:*, st:38
char:8, ch:*, st:835
char:6, ch:*, st:622
char:3, ch:*, st:332
char:3, ch:*, st:300
char:1, ch:*, st:131
char:2, ch:%, st:422
char:8, ch:*, st:89
char:9, ch:*, st:926
char:5, ch:*, st:529
char:3, ch:*, st:310
char:8, ch:*, st:835
char:8, ch:*, st:885
char:4, ch:/, st:467
char:4, ch:*, st:423
char:1, ch:*, st:143
char:5, ch:*, st:955
char:3, ch:*, st:356
char:1, ch:*, st:124
char:8, ch:*, st:588
char:2, ch:*, st:512
char:4, ch:&, st:134
char:6, ch:*, st:688
char:1, ch:*, st:194
char:4, ch:*, st:148
char:8, ch:*, st:815
char:7, ch:*, st:785
char:3, ch:/, st:673
char:7, ch:*, st:957
char:1, ch:=, st:103
char:1, ch:/, st:104
char:8, ch:*, st:408
char:7, ch:*, st:703
char:4, ch:#, st:4
char:5, ch:*, st:526
char:6, ch:*, st:628
char:6, ch:*, st:62
char:5, ch:*, st:15
char:8, ch:#, st:885
char:4, ch:/, st:649
char:7, ch:&, st:720
char:9, ch:=, st:93
char:0, ch:@, st:703
char:2, ch:*, st:222
char:7, ch:*, st:795
char:5, ch:*, st:54
char:0, ch:-, st:310
char:2, ch:*, st:622
char:9, ch:&, st:916
char:4, ch:*, st:493
char:8, ch:*, st:956418
char:5, ch:*, st:57
char:1, ch:*, st:125
char:4, ch:*, st:141
char:6, ch:%, st:965
char:3, ch:%, st:382
char:1, ch:+, st:177
char:9, ch:%, st:390
char:1, ch:%, st:801
char:9, ch:$, st:659
char:9, ch:/, st:912
char:6, ch:/, st:614
char:4, ch:$, st:448
char:9, ch:*, st:926
char:5, ch:*, st:517
char:0, ch:*, st:301
char:4, ch:$, st:476
char:7, ch:*, st:167
char:2, ch:#, st:208
char:6, ch:*, st:866
char:8, ch:*, st:818
char:2, ch:*, st:200
char:5, ch:%, st:588
char:5, ch:*, st:534
char:3, ch:&, st:324
char:1, ch:*, st:571
char:9, ch:*, st:977
char:5, ch:*, st:551
char:1, ch:@, st:172
char:8, ch:%, st:849
char:8, ch:*, st:578
char:8, ch:*, st:814
char:1, ch:&, st:176
char:0, ch:*, st:705
char:4, ch:/, st:406
char:4, ch:*, st:42
char:5, ch:*, st:58
char:6, ch:*, st:621
char:5, ch:#, st:54
char:1, ch:*, st:194
char:0, ch:*, st:905
char:7, ch:*, st:567
char:2, ch:+, st:287
char:3, ch:/, st:303
char:2, ch:*, st:82
char:6, ch:@, st:600
char:6, ch:*, st:642
char:6, ch:*, st:672
char:7, ch:*, st:726
char:7, ch:*, st:714
char:3, ch:*, st:341
char:5, ch:-, st:530
char:4, ch:&, st:415
char:5, ch:*, st:544
char:9, ch:*, st:429
char:5, ch:*, st:615
char:8, ch:*, st:582
char:0, ch:*, st:240
char:1, ch:*, st:153
char:3, ch:*, st:313
char:4, ch:@, st:443
char:4, ch:$, st:471
char:0, ch:*, st:770
char:1, ch:*, st:651
char:4, ch:#, st:649
char:2, ch:*, st:211
char:5, ch:+, st:548
char:3, ch:*, st:235
char:2, ch:#, st:2
char:8, ch:*, st:898
char:6, ch:*, st:916
char:9, ch:*, st:966
char:9, ch:&, st:869
char:3, ch:*, st:843
char:4, ch:*, st:744
char:7, ch:*, st:777
char:8, ch:*, st:728
char:7, ch:*, st:976
char:6, ch:*, st:699
char:3, ch:*, st:763
char:8, ch:*, st:893
char:8, ch:*, st:608
char:3, ch:*, st:23
char:2, ch:*, st:227
char:1, ch:*, st:411
char:7, ch:*, st:793
char:9, ch:*, st:984
char:8, ch:/, st:683
char:2, ch:*, st:2
char:7, ch:*, st:787
char:2, ch:%, st:258
char:8, ch:*, st:878
char:9, ch:+, st:923
char:7, ch:*, st:674
char:1, ch:*, st:241
char:9, ch:*, st:966
char:8, ch:*, st:804
char:5, ch:%, st:589
char:5, ch:&, st:554
char:3, ch:&, st:307
char:5, ch:*, st:505
char:3, ch:-, st:332
char:9, ch:*, st:449
char:1, ch:*, st:190
char:0, ch:$, st:780
char:3, ch:*, st:322
char:5, ch:-, st:540
char:1, ch:*, st:126
char:8, ch:&, st:837
char:7, ch:*, st:701
char:8, ch:#, st:581
char:3, ch:*, st:371
char:7, ch:&, st:753
char:6, ch:*, st:426
char:2, ch:@, st:264
char:2, ch:*, st:127
char:5, ch:&, st:562
char:9, ch:*, st:379
char:6, ch:=, st:786
char:6, ch:-, st:376
char:5, ch:%, st:596
char:5, ch:*, st:511
char:5, ch:*, st:551
char:8, ch:/, st:868
char:4, ch:*, st:224
char:9, ch:*, st:992
char:1, ch:#, st:817
char:3, ch:-, st:309
char:4, ch:#, st:374
char:6, ch:%, st:164
char:6, ch:*, st:627
char:3, ch:$, st:340
char:4, ch:*, st:274
char:0, ch:@, st:710
char:3, ch:#, st:347
char:5, ch:*, st:535
char:2, ch:-, st:278
char:4, ch:*, st:495
char:8, ch:&, st:805
char:5, ch:+, st:570
char:7, ch:*, st:724
char:9, ch:*, st:98
char:9, ch:*, st:579
char:6, ch:*, st:65
char:0, ch:*, st:400
char:9, ch:*, st:849
char:4, ch:@, st:764
char:8, ch:*, st:180
char:5, ch:#, st:576
char:7, ch:*, st:573
char:6, ch:*, st:648
char:1, ch:$, st:162
char:7, ch:/, st:733
char:4, ch:*, st:462
char:4, ch:*, st:484
char:0, ch:$, st:10
char:1, ch:&, st:981
char:4, ch:*, st:495
char:2, ch:*, st:932
char:8, ch:*, st:278
char:4, ch:-, st:478
char:7, ch:%, st:728
char:7, ch:&, st:798
char:4, ch:*, st:483
char:7, ch:@, st:717
char:5, ch:*, st:593
char:8, ch:*, st:738
char:4, ch:*, st:474
char:7, ch:*, st:772
char:7, ch:*, st:877
char:9, ch:*, st:98
char:5, ch:*, st:556
char:0, ch:@, st:870
char:8, ch:*, st:587
char:6, ch:*, st:676
char:5, ch:*, st:569
char:5, ch:*, st:454
char:2, ch:*, st:832
char:2, ch:*, st:249
char:3, ch:*, st:369
char:2, ch:*, st:264
char:8, ch:*, st:298
char:5, ch:*, st:543
char:4, ch:*, st:246
char:8, ch:*, st:608
char:3, ch:*, st:305
char:2, ch:*, st:227
char:4, ch:*, st:429
char:7, ch:*, st:57
char:8, ch:&, st:889
char:6, ch:=, st:648
char:5, ch:#, st:502
char:9, ch:*, st:901
char:5, ch:*, st:55
char:7, ch:*, st:704
char:4, ch:*, st:264
char:5, ch:*, st:543
char:2, ch:*, st:234
char:8, ch:*, st:859
char:9, ch:*, st:693
char:6, ch:*, st:661
char:6, ch:*, st:641
char:9, ch:*, st:909
char:0, ch:@, st:800
char:7, ch:#, st:779
char:1, ch:*, st:811
char:7, ch:*, st:789
char:9, ch:$, st:90
char:4, ch:$, st:954
char:7, ch:#, st:637
char:0, ch:+, st:60
char:7, ch:*, st:607
char:1, ch:-, st:112
char:8, ch:%, st:89
char:6, ch:*, st:601
char:7, ch:*, st:227
char:2, ch:*, st:32
char:4, ch:&, st:410
char:5, ch:*, st:795
char:7, ch:*, st:702
char:2, ch:*, st:285
char:4, ch:*, st:438
char:7, ch:*, st:711
char:3, ch:@, st:346
char:3, ch:*, st:332
char:7, ch:*, st:237
char:3, ch:%, st:366
char:3, ch:*, st:340
char:6, ch:*, st:658
char:2, ch:@, st:282
char:3, ch:%, st:532
char:2, ch:-, st:252
char:9, ch:*, st:95
char:8, ch:*, st:879
char:6, ch:+, st:169
char:7, ch:#, st:782
char:2, ch:*, st:202
char:9, ch:*, st:973
char:7, ch:*, st:765
char:0, ch:&, st:601
char:6, ch:*, st:864
char:1, ch:=, st:195
char:2, ch:=, st:284
char:6, ch:*, st:6
char:8, ch:%, st:618
char:4, ch:%, st:409
char:6, ch:*, st:673
char:8, ch:*, st:862
char:3, ch:*, st:381
char:7, ch:/, st:777
char:6, ch:*, st:644
char:5, ch:*, st:852
char:2, ch:/, st:823
char:1, ch:+, st:211
char:2, ch:*, st:228
char:2, ch:*, st:292
char:8, ch:-, st:89
char:5, ch:*, st:526
char:7, ch:*, st:77
char:4, ch:/, st:413
char:2, ch:*, st:208
char:8, ch:*, st:80
char:5, ch:/, st:835
char:5, ch:*, st:458
char:5, ch:*, st:5
char:2, ch:*, st:214
char:2, ch:*, st:206
char:3, ch:$, st:13
char:5, ch:*, st:35
char:5, ch:-, st:529
char:7, ch:*, st:79
char:7, ch:*, st:718
char:1, ch:*, st:710
char:1, ch:&, st:112
char:8, ch:*, st:308
char:8, ch:@, st:618
char:3, ch:%, st:130
char:9, ch:*, st:917
char:1, ch:&, st:221
char:5, ch:#, st:205
char:4, ch:*, st:417
char:1, ch:*, st:891
char:6, ch:&, st:634
char:1, ch:%, st:241
char:2, ch:%, st:21
char:4, ch:*, st:465
char:2, ch:*, st:524
char:8, ch:*, st:8
char:4, ch:*, st:48
char:3, ch:*, st:33
char:3, ch:&, st:431
char:7, ch:*, st:770
char:4, ch:*, st:449
char:6, ch:*, st:61
char:9, ch:*, st:409
char:2, ch:*, st:202
char:2, ch:*, st:226
char:7, ch:*, st:713
char:2, ch:*, st:321
char:7, ch:*, st:337
char:2, ch:*, st:128
char:8, ch:@, st:826
char:3, ch:*, st:33
char:6, ch:$, st:655
char:4, ch:*, st:843
char:9, ch:*, st:943
char:9, ch:@, st:449
char:7, ch:*, st:576
char:5, ch:=, st:835
char:9, ch:*, st:945
char:0, ch:=, st:506
char:1, ch:@, st:143
char:6, ch:*, st:636
char:9, ch:*, st:920
char:8, ch:*, st:580
char:8, ch:$, st:839
char:4, ch:*, st:347
char:6, ch:*, st:608
char:4, ch:-, st:847
char:1, ch:*, st:167
char:5, ch:=, st:485
char:4, ch:*, st:453
char:3, ch:*, st:365
char:9, ch:*, st:905
char:3, ch:=, st:643
char:6, ch:*, st:692
char:7, ch:&, st:795
char:7, ch:*, st:997
char:9, ch:$, st:919
char:3, ch:*, st:374
char:2, ch:*, st:529
char:3, ch:*, st:34
char:5, ch:=, st:573
char:5, ch:*, st:752
char:3, ch:-, st:853
char:7, ch:*, st:407
char:9, ch:&, st:928
char:6, ch:*, st:641
char:9, ch:*, st:988
char:2, ch:*, st:201
char:9, ch:*, st:289
char:8, ch:*, st:857
char:4, ch:*, st:403
char:9, ch:*, st:992
char:2, ch:+, st:206
char:3, ch:+, st:328
char:2, ch:*, st:28
char:5, ch:$, st:957
char:5, ch:+, st:552
char:1, ch:*, st:155
char:5, ch:*, st:506
char:1, ch:/, st:761
char:9, ch:-, st:902
char:2, ch:/, st:202
char:7, ch:*, st:578
char:7, ch:$, st:700
char:9, ch:%, st:909
char:2, ch:*, st:267
char:9, ch:*, st:907
char:8, ch:@, st:981
char:8, ch:*, st:887
char:5, ch:*, st:945
char:4, ch:*, st:649
char:3, ch:@, st:319
char:1, ch:*, st:413
char:7, ch:*, st:797
char:8, ch:*, st:468
char:1, ch:&, st:155
char:9, ch:*, st:904
char:5, ch:*, st:510
char:5, ch:*, st:508
char:9, ch:&, st:964
char:2, ch:*, st:248
char:6, ch:*, st:68
char:2, ch:*, st:285
char:2, ch:*, st:289
char:6, ch:+, st:626
char:7, ch:$, st:873
char:7, ch:*, st:723
char:0, ch:*, st:800
char:1, ch:*, st:51
char:4, ch:*, st:244
char:7, ch:*, st:754
char:7, ch:*, st:607
char:4, ch:*, st:148
char:0, ch:#, st:800
char:5, ch:*, st:895
char:3, ch:$, st:863
char:1, ch:*, st:831
char:9, ch:*, st:913
char:3, ch:*, st:326
char:1, ch:#, st:215
char:8, ch:*, st:882
char:7, ch:*, st:774
char:2, ch:@, st:252
char:9, ch:*, st:929
char:9, ch:*, st:9
char:8, ch:*, st:438
char:5, ch:*, st:652
char:2, ch:*, st:239
char:1, ch:*, st:111
char:3, ch:/, st:39
char:4, ch:=, st:497
char:5, ch:/, st:519
char:7, ch:#, st:743
char:6, ch:*, st:746
char:3, ch:*, st:369
char:4, ch:*, st:486
char:8, ch:*, st:308
char:4, ch:+, st:495
char:2, ch:*, st:20
char:7, ch:*, st:786
char:4, ch:*, st:224
char:5, ch:&, st:5
char:2, ch:*, st:205
char:7, ch:*, st:397
char:4, ch:*, st:456
char:8, ch:*, st:833
char:3, ch:*, st:523
char:3, ch:+, st:638
char:2, ch:%, st:292
char:3, ch:&, st:399
char:5, ch:#, st:855
char:1, ch:*, st:135
char:3, ch:*, st:383
char:3, ch:&, st:335
char:6, ch:*, st:669
char:4, ch:*, st:684
char:9, ch:*, st:980
char:4, ch:*, st:974
char:1, ch:*, st:185
char:6, ch:/, st:680
char:9, ch:%, st:987
char:1, ch:*, st:114
char:1, ch:*, st:117
char:7, ch:*, st:755
char:5, ch:*, st:596
char:4, ch:/, st:450
char:5, ch:*, st:571
char:8, ch:-, st:818
char:5, ch:*, st:395
char:3, ch:*, st:823
char:1, ch:*, st:1
char:4, ch:-, st:405
char:7, ch:#, st:766
char:8, ch:*, st:815
char:7, ch:*, st:769
char:9, ch:*, st:998
char:5, ch:*, st:325
char:4, ch:*, st:440
char:7, ch:#, st:976
char:5, ch:*, st:507
char:8, ch:#, st:833
char:4, ch:*, st:604
char:6, ch:*, st:926
char:6, ch:*, st:668
char:2, ch:*, st:280
char:7, ch:*, st:75
char:1, ch:-, st:314
char:6, ch:*, st:666
char:5, ch:*, st:533
char:7, ch:*, st:789
char:3, ch:$, st:138
char:4, ch:*, st:494
char:9, ch:*, st:955
char:7, ch:*, st:77
char:7, ch:*, st:907
char:4, ch:@, st:224
char:3, ch:$, st:283
char:1, ch:*, st:161
char:6, ch:*, st:106
char:3, ch:*, st:339
char:6, ch:*, st:634
char:3, ch:*, st:513
char:7, ch:#, st:729
char:8, ch:*, st:68
char:8, ch:*, st:890
char:7, ch:+, st:746
char:5, ch:*, st:551
char:6, ch:=, st:368
char:1, ch:&, st:21
char:5, ch:*, st:520
char:5, ch:*, st:548
char:4, ch:*, st:843
char:9, ch:-, st:290
char:5, ch:&, st:532
char:9, ch:#, st:190
char:4, ch:*, st:404
char:0, ch:*, st:240
char:3, ch:*, st:830
char:1, ch:$, st:721
char:9, ch:&, st:982
char:1, ch:*, st:811
char:2, ch:*, st:276
char:3, ch:*, st:753
char:5, ch:*, st:715
char:2, ch:*, st:202
char:7, ch:*, st:375
char:1, ch:*, st:111
char:6, ch:@, st:969
char:1, ch:+, st:971
char:2, ch:*, st:207
char:7, ch:@, st:792
char:3, ch:-, st:793
char:6, ch:$, st:640
char:7, ch:*, st:763
char:5, ch:*, st:591
char:4, ch:#, st:542
char:7, ch:*, st:747
char:2, ch:*, st:220
char:5, ch:*, st:598
char:7, ch:=, st:723
char:7, ch:*, st:72
char:2, ch:*, st:120
char:6, ch:*, st:659
char:4, ch:-, st:435
char:4, ch:#, st:41
char:8, ch:*, st:875
char:2, ch:#, st:22
char:9, ch:&, st:958
char:4, ch:*, st:480
char:6, ch:*, st:876
char:4, ch:%, st:44
char:6, ch:*, st:608
char:3, ch:@, st:305
char:5, ch:*, st:593
char:2, ch:$, st:526
char:2, ch:*, st:329
char:2, ch:*, st:208
char:5, ch:@, st:544
char:5, ch:*, st:885
char:7, ch:*, st:751
char:7, ch:*, st:756
char:4, ch:$, st:74
char:1, ch:$, st:139
char:0, ch:*, st:570
char:1, ch:=, st:173
char:8, ch:&, st:801
char:1, ch:*, st:215
char:9, ch:*, st:924
char:6, ch:&, st:658
char:4, ch:*, st:41
char:2, ch:*, st:142
char:3, ch:=, st:31
char:3, ch:#, st:937
char:1, ch:$, st:189
char:1, ch:*, st:100
char:4, ch:-, st:447
char:8, ch:*, st:840
char:0, ch:*, st:804
char:6, ch:-, st:654
char:4, ch:*, st:481
char:9, ch:&, st:849
char:8, ch:*, st:836
char:4, ch:&, st:447
char:8, ch:*, st:862
char:1, ch:*, st:108
char:3, ch:*, st:343
char:4, ch:#, st:41
char:9, ch:%, st:91
char:7, ch:*, st:783
char:8, ch:*, st:865
char:1, ch:*, st:41
char:1, ch:-, st:154
char:5, ch:*, st:520
char:7, ch:*, st:367
char:8, ch:*, st:578
char:4, ch:*, st:43
char:7, ch:*, st:759
char:5, ch:*, st:516
char:6, ch:*, st:66
char:4, ch:$, st:422
char:9, ch:*, st:978
char:3, ch:-, st:93
char:4, ch:@, st:425
char:7, ch:*, st:27
char:1, ch:*, st:751
char:2, ch:-, st:326
char:3, ch:*, st:347
char:4, ch:*, st:204
char:6, ch:*, st:627
char:2, ch:%, st:287
char:7, ch:$, st:755
char:6, ch:/, st:356
char:8, ch:*, st:428
char:3, ch:$, st:335
char:2, ch:*, st:296
char:7, ch:*, st:971
char:2, ch:%, st:294
char:6, ch:$, st:968
char:7, ch:*, st:721
char:6, ch:*, st:546
char:9, ch:@, st:649
char:6, ch:=, st:624
char:8, ch:-, st:835
char:1, ch:$, st:18
char:1, ch:*, st:131
char:3, ch:*, st:36
char:1, ch:*, st:114
char:1, ch:*, st:106
char:3, ch:*, st:853
char:7, ch:*, st:737
char:5, ch:-, st:517
char:7, ch:/, st:784
char:6, ch:*, st:607
char:6, ch:*, st:226
char:3, ch:*, st:303
char:8, ch:*, st:887
char:1, ch:@, st:173
char:3, ch:=, st:349
char:3, ch:*, st:903
char:4, ch:*, st:473
char:1, ch:*, st:190
char:7, ch:-, st:702
char:2, ch:*, st:24
char:4, ch:+, st:734
char:1, ch:-, st:198
char:1, ch:*, st:191
char:4, ch:*, st:402
char:8, ch:*, st:810
char:7, ch:*, st:712
char:4, ch:*, st:405
char:6, ch:#, st:967
char:2, ch:*, st:257
char:6, ch:*, st:664
char:0, ch:*, st:608
char:6, ch:*, st:796
char:8, ch:*, st:800
char:7, ch:*, st:747
char:3, ch:+, st:939
char:3, ch:$, st:356
char:4, ch:*, st:45
char:3, ch:$, st:325
char:8, ch:&, st:899
char:7, ch:*, st:707
char:6, ch:*, st:629
char:5, ch:-, st:570
char:3, ch:*, st:358
char:6, ch:*, st:66
char:5, ch:/, st:56
char:3, ch:*, st:302
char:8, ch:*, st:804
char:0, ch:*, st:290
char:7, ch:*, st:756
char:8, ch:+, st:815
char:6, ch:*, st:697
char:5, ch:*, st:357
char:7, ch:@, st:878
char:1, ch:/, st:931
char:5, ch:+, st:511
char:9, ch:*, st:958
char:6, ch:*, st:169
char:2, ch:*, st:772
char:7, ch:*, st:777
char:3, ch:*, st:369
char:5, ch:*, st:257
char:3, ch:*, st:334
char:8, ch:@, st:785
char:7, ch:*, st:171
char:2, ch:%, st:292
char:6, ch:&, st:635
char:7, ch:*, st:347
char:9, ch:*, st:962
char:8, ch:#, st:968
char:7, ch:-, st:763
char:6, ch:*, st:561
char:6, ch:-, st:136
char:7, ch:*, st:327
char:7, ch:*, st:777
char:1, ch:@, st:159
char:1, ch:*, st:192
char:9, ch:*, st:739
char:8, ch:*, st:831
char:8, ch:/, st:888
char:3, ch:*, st:304
char:7, ch:*, st:715
char:8, ch:*, st:658
char:7, ch:*, st:71
char:6, ch:*, st:762
char:6, ch:&, st:605
char:9, ch:*, st:509
char:4, ch:*, st:401
char:3, ch:#, st:543
char:7, ch:@, st:761
char:3, ch:*, st:382
char:8, ch:*, st:948
char:5, ch:*, st:502
char:0, ch:&, st:520
char:8, ch:%, st:188
char:6, ch:*, st:689
char:5, ch:*, st:538
char:0, ch:*, st:530
char:9, ch:+, st:309
char:2, ch:*, st:172
char:7, ch:*, st:744
char:4, ch:*, st:481
char:9, ch:*, st:29
char:7, ch:-, st:716
char:2, ch:*, st:227
char:5, ch:*, st:56
char:9, ch:*, st:930
char:7, ch:&, st:347
char:1, ch:@, st:111
char:8, ch:*, st:578
char:1, ch:*, st:188
char:0, ch:/, st:304
char:1, ch:/, st:151
char:8, ch:*, st:88
char:6, ch:*, st:697
char:1, ch:-, st:111
char:6, ch:*, st:546
char:3, ch:*, st:663
char:2, ch:*, st:249
char:2, ch:*, st:482
char:7, ch:*, st:7
char:7, ch:*, st:327
char:4, ch:*, st:423
char:3, ch:&, st:513
char:8, ch:*, st:880
char:0, ch:*, st:309
char:9, ch:-, st:985
char:9, ch:/, st:619
char:3, ch:*, st:335
char:8, ch:*, st:808
char:7, ch:*, st:740
char:4, ch:*, st:414
char:6, ch:*, st:624
char:1, ch:%, st:10
char:0, ch:*, st:720
char:3, ch:*, st:395
char:1, ch:*, st:91
char:5, ch:=, st:520
char:1, ch:*, st:164
char:1, ch:*, st:318
char:7, ch:@, st:397
char:5, ch:*, st:560
char:7, ch:*, st:736
char:4, ch:*, st:344
char:1, ch:=, st:361
char:3, ch:*, st:333
char:7, ch:*, st:271
char:2, ch:-, st:25
char:8, ch:*, st:958
char:8, ch:*, st:839
char:9, ch:*, st:991
char:8, ch:+, st:82
char:6, ch:*, st:624
char:2, ch:/, st:286
char:6, ch:-, st:663
char:3, ch:*, st:535
char:3, ch:*, st:383
char:8, ch:*, st:368
char:9, ch:*, st:945
char:6, ch:*, st:693
char:6, ch:*, st:692
char:9, ch:*, st:769
char:1, ch:*, st:153
char:8, ch:$, st:811
char:2, ch:*, st:277
char:6, ch:*, st:667
char:6, ch:=, st:687
char:8, ch:*, st:834
char:7, ch:*, st:73
char:7, ch:*, st:71
char:6, ch:*, st:647
char:0, ch:=, st:300
char:5, ch:*, st:568
char:6, ch:*, st:611
char:2, ch:*, st:262
char:7, ch:$, st:742
char:2, ch:-, st:213
char:4, ch:&, st:754
char:7, ch:*, st:73
char:2, ch:+, st:208
char:9, ch:*, st:9
char:9, ch:-, st:19
char:1, ch:*, st:129
char:9, ch:$, st:719
char:7, ch:*, st:795
char:8, ch:%, st:82
char:3, ch:*, st:375
char:2, ch:*, st:235
char:3, ch:*, st:348
char:6, ch:%, st:260
char:8, ch:*, st:638
char:1, ch:*, st:165
char:1, ch:*, st:151
char:8, ch:*, st:846
char:2, ch:*, st:257
char:4, ch:*, st:524
char:9, ch:/, st:695
char:7, ch:$, st:787
char:3, ch:*, st:403
char:6, ch:*, st:336
char:6, ch:*, st:63
char:7, ch:/, st:788
char:2, ch:=, st:162
char:4, ch:*, st:854
char:4, ch:-, st:492
char:3, ch:*, st:377
char:5, ch:*, st:852
char:1, ch:*, st:681
char:3, ch:#, st:923
char:1, ch:%, st:198
char:9, ch:&, st:996
char:1, ch:&, st:718
char:0, ch:@, st:809
char:3, ch:*, st:443
char:4, ch:*, st:415
char:2, ch:*, st:267
char:5, ch:*, st:533
char:7, ch:*, st:724
char:4, ch:%, st:418
char:5, ch:*, st:145
char:4, ch:*, st:401
char:4, ch:%, st:447
char:6, ch:*, st:634
char:9, ch:*, st:819
char:9, ch:*, st:9
char:2, ch:+, st:362
char:2, ch:$, st:241
char:1, ch:*, st:412
char:2, ch:*, st:929
char:1, ch:*, st:14
char:2, ch:/, st:642
char:3, ch:&, st:324
char:3, ch:*, st:394
char:6, ch:*, st:661
char:7, ch:*, st:773
char:1, ch:%, st:165
char:6, ch:*, st:600
char:9, ch:*, st:492
char:2, ch:*, st:253
char:9, ch:*, st:918
char:3, ch:$, st:537
char:4, ch:#, st:140
char:3, ch:*, st:773
char:4, ch:*, st:433
char:1, ch:/, st:10
char:8, ch:*, st:83
char:2, ch:+, st:241
char:5, ch:*, st:576
char:4, ch:*, st:417
char:9, ch:*, st:969
char:2, ch:&, st:852
char:8, ch:*, st:848
char:1, ch:=, st:821
char:3, ch:*, st:153
char:5, ch:*, st:25
char:3, ch:*, st:317
char:6, ch:*, st:628
char:8, ch:*, st:578
char:1, ch:*, st:17
char:7, ch:*, st:227
char:5, ch:*, st:995
char:9, ch:*, st:889
char:5, ch:*, st:459
char:6, ch:*, st:697
char:4, ch:*, st:304
char:8, ch:*, st:852
char:8, ch:*, st:788
char:0, ch:$, st:630
char:0, ch:*, st:720
char:5, ch:*, st:594
char:0, ch:*, st:910
char:8, ch:*, st:801
char:9, ch:/, st:939
char:2, ch:*, st:235
char:7, ch:*, st:607
char:8, ch:*, st:802
char:2, ch:*, st:249
char:2, ch:*, st:233
char:7, ch:/, st:177
char:4, ch:$, st:734
char:2, ch:*, st:828
char:8, ch:*, st:830
char:3, ch:*, st:439
char:9, ch:*, st:944
char:4, ch:*, st:482
char:3, ch:*, st:326
char:3, ch:*, st:3
char:6, ch:*, st:66
char:8, ch:=, st:628
char:3, ch:&, st:350
char:4, ch:-, st:544
char:3, ch:*, st:763
char:1, ch:*, st:142
char:7, ch:$, st:792
char:4, ch:/, st:974
char:3, ch:$, st:663
char:2, ch:*, st:729
char:1, ch:%, st:916
char:9, ch:$, st:916
char:1, ch:*, st:221
char:6, ch:*, st:689
char:4, ch:#, st:456
char:6, ch:*, st:62
char:6, ch:$, st:621
char:4, ch:*, st:436
char:5, ch:#, st:520
char:8, ch:*, st:808
char:7, ch:*, st:670
char:1, ch:=, st:121
char:0, ch:*, st:780
char:8, ch:*, st:844
char:7, ch:%, st:827
char:3, ch:*, st:338
char:2, ch:*, st:24
char:1, ch:*, st:601
char:3, ch:*, st:346
char:2, ch:*, st:621
char:5, ch:*, st:531
char:9, ch:*, st:659
char:2, ch:-, st:297
char:6, ch:=, st:697
char:6, ch:*, st:468
char:3, ch:*, st:936
char:5, ch:*, st:265
char:9, ch:*, st:905
char:6, ch:*, st:64
char:5, ch:#, st:589
char:9, ch:*, st:960
char:2, ch:*, st:62
char:1, ch:*, st:19
char:2, ch:*, st:152
char:3, ch:*, st:243
char:9, ch:*, st:962
char:7, ch:&, st:757
char:2, ch:-, st:270
char:7, ch:*, st:697
char:5, ch:*, st:588
char:4, ch:*, st:461
char:2, ch:&, st:263
char:3, ch:@, st:373
char:4, ch:*, st:464
char:2, ch:*, st:244
char:8, ch:+, st:688
char:7, ch:*, st:272
char:9, ch:*, st:993
char:5, ch:*, st:536
char:1, ch:*, st:961
char:4, ch:*, st:490
char:1, ch:*, st:181
char:2, ch:*, st:236
char:4, ch:*, st:406
char:2, ch:*, st:238
char:9, ch:*, st:94
char:7, ch:-, st:74
char:9, ch:=, st:349
char:7, ch:+, st:723
char:6, ch:*, st:646
char:3, ch:*, st:328
char:1, ch:$, st:139
char:2, ch:*, st:624
char:6, ch:*, st:996
char:7, ch:*, st:784
char:6, ch:*, st:61
char:1, ch:*, st:981
char:5, ch:*, st:557
char:3, ch:/, st:313
char:6, ch:*, st:776
char:2, ch:*, st:228
char:9, ch:*, st:749
char:2, ch:*, st:246
char:5, ch:*, st:579
char:2, ch:*, st:240
char:2, ch:*, st:230
char:6, ch:=, st:611
char:1, ch:*, st:917
char:0, ch:*, st:703
char:7, ch:*, st:730
char:9, ch:*, st:961
char:4, ch:*, st:764
char:9, ch:*, st:979
char:8, ch:*, st:558
char:9, ch:*, st:906
char:5, ch:*, st:58
char:5, ch:$, st:875
char:5, ch:+, st:559
char:2, ch:*, st:274
char:5, ch:*, st:549
char:3, ch:*, st:853
char:1, ch:*, st:821
char:5, ch:*, st:65
char:6, ch:*, st:676
char:4, ch:*, st:47
char:2, ch:*, st:272
char:2, ch:=, st:213
char:4, ch:=, st:45
char:1, ch:*, st:321
char:6, ch:*, st:661
char:9, ch:*, st:964
char:5, ch:*, st:540
char:5, ch:*, st:955
char:3, ch:*, st:143
char:9, ch:*, st:907
char:1, ch:$, st:1
char:0, ch:*, st:10
char:6, ch:*, st:660
char:9, ch:$, st:109
char:5, ch:=, st:415
char:3, ch:-, st:353
char:5, ch:+, st:572
char:8, ch:$, st:878
char:1, ch:*, st:131
char:2, ch:/, st:182
char:3, ch:*, st:963
char:3, ch:*, st:395
char:1, ch:*, st:871
char:9, ch:*, st:994
char:3, ch:*, st:336
char:3, ch:*, st:319
char:8, ch:*, st:88
char:6, ch:*, st:620
char:6, ch:*, st:625
char:7, ch:*, st:7
char:1, ch:*, st:121
char:4, ch:*, st:494
char:8, ch:$, st:8
char:8, ch:*, st:998
char:9, ch:*, st:973
char:1, ch:&, st:691
char:6, ch:*, st:614
char:2, ch:=, st:120
char:2, ch:*, st:238
char:4, ch:@, st:496
char:4, ch:*, st:477
char:4, ch:$, st:994
